{"name":"Получение и сравнение курсов валют с сайта банка Открытие","status":"broken","statusDetails":{"known":false,"muted":false,"flaky":false,"message":"Step [Найти среди результатов нужную ссылку] is defined with 2 parameters at 'ru.bellintegrator.test.MyStepdefs.найти_среди_результатов_нужную_ссылку_и_перейти(GooglePageWithSearch,String) in file:/C:/Users/aduys/IdeaProjects/AduyskiyFirstCucumber/target/test-classes/'.\nHowever, the gherkin step has 0 arguments.\nStep text: Найти среди результатов нужную ссылку","trace":"cucumber.runtime.CucumberException: Step [Найти среди результатов нужную ссылку] is defined with 2 parameters at 'ru.bellintegrator.test.MyStepdefs.найти_среди_результатов_нужную_ссылку_и_перейти(GooglePageWithSearch,String) in file:/C:/Users/aduys/IdeaProjects/AduyskiyFirstCucumber/target/test-classes/'.\nHowever, the gherkin step has 0 arguments.\nStep text: Найти среди результатов нужную ссылку\r\n\tat cucumber.runner.PickleStepDefinitionMatch.arityMismatch(PickleStepDefinitionMatch.java:84)\r\n\tat cucumber.runner.PickleStepDefinitionMatch.runStep(PickleStepDefinitionMatch.java:36)\r\n\tat cucumber.runner.TestStep.executeStep(TestStep.java:63)\r\n\tat cucumber.runner.TestStep.run(TestStep.java:49)\r\n\tat cucumber.runner.PickleStepTestStep.run(PickleStepTestStep.java:43)\r\n\tat cucumber.runner.TestCase.run(TestCase.java:45)\r\n\tat cucumber.runner.Runner.runPickle(Runner.java:40)\r\n\tat cucumber.runtime.junit.PickleRunners$NoStepDescriptions.run(PickleRunners.java:146)\r\n\tat cucumber.runtime.junit.FeatureRunner.runChild(FeatureRunner.java:68)\r\n\tat cucumber.runtime.junit.FeatureRunner.runChild(FeatureRunner.java:23)\r\n\tat org.junit.runners.ParentRunner$3.run(ParentRunner.java:290)\r\n\tat org.junit.runners.ParentRunner$1.schedule(ParentRunner.java:71)\r\n\tat org.junit.runners.ParentRunner.runChildren(ParentRunner.java:288)\r\n\tat org.junit.runners.ParentRunner.access$000(ParentRunner.java:58)\r\n\tat org.junit.runners.ParentRunner$2.evaluate(ParentRunner.java:268)\r\n\tat org.junit.runners.ParentRunner.run(ParentRunner.java:363)\r\n\tat cucumber.runtime.junit.FeatureRunner.run(FeatureRunner.java:73)\r\n\tat cucumber.api.junit.Cucumber.runChild(Cucumber.java:122)\r\n\tat cucumber.api.junit.Cucumber.runChild(Cucumber.java:64)\r\n\tat org.junit.runners.ParentRunner$3.run(ParentRunner.java:290)\r\n\tat org.junit.runners.ParentRunner$1.schedule(ParentRunner.java:71)\r\n\tat org.junit.runners.ParentRunner.runChildren(ParentRunner.java:288)\r\n\tat org.junit.runners.ParentRunner.access$000(ParentRunner.java:58)\r\n\tat org.junit.runners.ParentRunner$2.evaluate(ParentRunner.java:268)\r\n\tat cucumber.api.junit.Cucumber$1.evaluate(Cucumber.java:131)\r\n\tat org.junit.runners.ParentRunner.run(ParentRunner.java:363)\r\n\tat org.junit.runner.JUnitCore.run(JUnitCore.java:137)\r\n\tat com.intellij.junit4.JUnit4IdeaTestRunner.startRunnerWithArgs(JUnit4IdeaTestRunner.java:69)\r\n\tat com.intellij.rt.junit.IdeaTestRunner$Repeater.startRunnerWithArgs(IdeaTestRunner.java:33)\r\n\tat com.intellij.rt.junit.JUnitStarter.prepareStreamsAndStart(JUnitStarter.java:235)\r\n\tat com.intellij.rt.junit.JUnitStarter.main(JUnitStarter.java:54)\r\n"},"stage":"finished","steps":[{"name":"Given  Перейти в гугл и ввести в поле поиска 'открытие'","status":"passed","statusDetails":{"known":false,"muted":false,"flaky":false},"stage":"finished","steps":[],"attachments":[],"parameters":[],"start":1632054406389,"stop":1632054412504},{"name":"Then  Найти среди результатов нужную ссылку","status":"broken","statusDetails":{"known":false,"muted":false,"flaky":false,"message":"Step [Найти среди результатов нужную ссылку] is defined with 2 parameters at 'ru.bellintegrator.test.MyStepdefs.найти_среди_результатов_нужную_ссылку_и_перейти(GooglePageWithSearch,String) in file:/C:/Users/aduys/IdeaProjects/AduyskiyFirstCucumber/target/test-classes/'.\nHowever, the gherkin step has 0 arguments.\nStep text: Найти среди результатов нужную ссылку","trace":"cucumber.runtime.CucumberException: Step [Найти среди результатов нужную ссылку] is defined with 2 parameters at 'ru.bellintegrator.test.MyStepdefs.найти_среди_результатов_нужную_ссылку_и_перейти(GooglePageWithSearch,String) in file:/C:/Users/aduys/IdeaProjects/AduyskiyFirstCucumber/target/test-classes/'.\nHowever, the gherkin step has 0 arguments.\nStep text: Найти среди результатов нужную ссылку\r\n\tat cucumber.runner.PickleStepDefinitionMatch.arityMismatch(PickleStepDefinitionMatch.java:84)\r\n\tat cucumber.runner.PickleStepDefinitionMatch.runStep(PickleStepDefinitionMatch.java:36)\r\n\tat cucumber.runner.TestStep.executeStep(TestStep.java:63)\r\n\tat cucumber.runner.TestStep.run(TestStep.java:49)\r\n\tat cucumber.runner.PickleStepTestStep.run(PickleStepTestStep.java:43)\r\n\tat cucumber.runner.TestCase.run(TestCase.java:45)\r\n\tat cucumber.runner.Runner.runPickle(Runner.java:40)\r\n\tat cucumber.runtime.junit.PickleRunners$NoStepDescriptions.run(PickleRunners.java:146)\r\n\tat cucumber.runtime.junit.FeatureRunner.runChild(FeatureRunner.java:68)\r\n\tat cucumber.runtime.junit.FeatureRunner.runChild(FeatureRunner.java:23)\r\n\tat org.junit.runners.ParentRunner$3.run(ParentRunner.java:290)\r\n\tat org.junit.runners.ParentRunner$1.schedule(ParentRunner.java:71)\r\n\tat org.junit.runners.ParentRunner.runChildren(ParentRunner.java:288)\r\n\tat org.junit.runners.ParentRunner.access$000(ParentRunner.java:58)\r\n\tat org.junit.runners.ParentRunner$2.evaluate(ParentRunner.java:268)\r\n\tat org.junit.runners.ParentRunner.run(ParentRunner.java:363)\r\n\tat cucumber.runtime.junit.FeatureRunner.run(FeatureRunner.java:73)\r\n\tat cucumber.api.junit.Cucumber.runChild(Cucumber.java:122)\r\n\tat cucumber.api.junit.Cucumber.runChild(Cucumber.java:64)\r\n\tat org.junit.runners.ParentRunner$3.run(ParentRunner.java:290)\r\n\tat org.junit.runners.ParentRunner$1.schedule(ParentRunner.java:71)\r\n\tat org.junit.runners.ParentRunner.runChildren(ParentRunner.java:288)\r\n\tat org.junit.runners.ParentRunner.access$000(ParentRunner.java:58)\r\n\tat org.junit.runners.ParentRunner$2.evaluate(ParentRunner.java:268)\r\n\tat cucumber.api.junit.Cucumber$1.evaluate(Cucumber.java:131)\r\n\tat org.junit.runners.ParentRunner.run(ParentRunner.java:363)\r\n\tat org.junit.runner.JUnitCore.run(JUnitCore.java:137)\r\n\tat com.intellij.junit4.JUnit4IdeaTestRunner.startRunnerWithArgs(JUnit4IdeaTestRunner.java:69)\r\n\tat com.intellij.rt.junit.IdeaTestRunner$Repeater.startRunnerWithArgs(IdeaTestRunner.java:33)\r\n\tat com.intellij.rt.junit.JUnitStarter.prepareStreamsAndStart(JUnitStarter.java:235)\r\n\tat com.intellij.rt.junit.JUnitStarter.main(JUnitStarter.java:54)\r\n"},"stage":"finished","steps":[],"attachments":[],"parameters":[],"start":1632054412504,"stop":1632054412507},{"name":"Then  Получить информацию о курсах валют","status":"skipped","statusDetails":{"known":false,"muted":false,"flaky":false},"stage":"finished","steps":[],"attachments":[],"parameters":[],"start":1632054412507,"stop":1632054412507},{"name":"Then  Проверить что курс продажи меньше курса покупки","status":"skipped","statusDetails":{"known":false,"muted":false,"flaky":false},"stage":"finished","steps":[],"attachments":[],"parameters":[],"start":1632054412507,"stop":1632054412508}],"attachments":[],"parameters":[],"start":1632054404923,"stop":1632054413331,"uuid":"0bed8f82-ea2d-4d17-a2e9-fcf30cd5a1b8","historyId":"a28387c9e10d59044d36a46403a56012","fullName":"Получение и сравнение курсов валют: Получение и сравнение курсов валют с сайта банка Открытие","labels":[{"name":"feature","value":"Получение и сравнение курсов валют"},{"name":"story","value":"Получение и сравнение курсов валют с сайта банка Открытие"},{"name":"tag","value":"test"},{"name":"host","value":"DESKTOP-SSRRH0R"},{"name":"thread","value":"4524@DESKTOP-SSRRH0R.main(1)"},{"name":"package","value":"Получение и сравнение курсов валют"},{"name":"suite","value":"Получение и сравнение курсов валют"},{"name":"testClass","value":"Получение и сравнение курсов валют с сайта банка Открытие"},{"name":"framework","value":"cucumber4jvm"},{"name":"language","value":"java"}],"links":[]}